11:46:25  [main] 	Initializing Control Panel
11:46:25  [main] 	Windows Version:  Home  64-bit
11:46:25  [main] 	XAMPP Version: 7.3.8
11:46:25  [main] 	Control Panel Version: 3.2.4  [ Compiled: Jun 5th 2019 ]
11:46:25  [main] 	You are not running with administrator rights! This will work for
11:46:25  [main] 	most application stuff but whenever you do something with services
11:46:25  [main] 	there will be a security dialogue or things will break! So think 
11:46:25  [main] 	about running this application with administrator rights!
11:46:25  [main] 	XAMPP Installation Directory: "f:\portableapps\xampp\app\xampp\"
11:46:25  [main] 	Checking for prerequisites
11:46:27  [main] 	All prerequisites found
11:46:27  [main] 	Initializing Modules
11:46:27  [mysql] 	Problem detected: MySQL Not Found!
11:46:27  [mysql] 	Disabling MySQL buttons
11:46:27  [mysql] 	Run this program from your XAMPP root directory!
11:46:27  [main] 	The FileZilla module is disabled
11:46:27  [main] 	The Mercury module is disabled
11:46:27  [Tomcat] 	Problem detected: Tomcat Not Found!
11:46:27  [Tomcat] 	Disabling Tomcat buttons
11:46:27  [Tomcat] 	Run this program from your XAMPP root directory!
11:46:27  [main] 	Starting Check-Timer
11:46:27  [main] 	Control Panel Ready
11:46:40  [Apache] 	Attempting to start Apache app...
11:46:40  [Apache] 	Status change detected: running
11:46:40  [Apache] 	Status change detected: stopped
11:46:40  [Apache] 	Error: Apache shutdown unexpectedly.
11:46:40  [Apache] 	This may be due to a blocked port, missing dependencies, 
11:46:40  [Apache] 	improper privileges, a crash, or a shutdown by another method.
11:46:40  [Apache] 	Press the Logs button to view error logs and check
11:46:40  [Apache] 	the Windows Event Viewer for more clues
11:46:40  [Apache] 	If you need more help, copy and post this
11:46:40  [Apache] 	entire log window on the forums
11:47:49  [Apache] 	Status change detected: running
11:47:49  [Apache] 	Status change detected: stopped
11:47:49  [Apache] 	Error: Apache shutdown unexpectedly.
11:47:49  [Apache] 	This may be due to a blocked port, missing dependencies, 
11:47:49  [Apache] 	improper privileges, a crash, or a shutdown by another method.
11:47:49  [Apache] 	Press the Logs button to view error logs and check
11:47:49  [Apache] 	the Windows Event Viewer for more clues
11:47:49  [Apache] 	If you need more help, copy and post this
11:47:49  [Apache] 	entire log window on the forums
11:48:05  [Apache] 	Status change detected: running
11:48:05  [Apache] 	Status change detected: stopped
11:48:05  [Apache] 	Error: Apache shutdown unexpectedly.
11:48:05  [Apache] 	This may be due to a blocked port, missing dependencies, 
11:48:05  [Apache] 	improper privileges, a crash, or a shutdown by another method.
11:48:05  [Apache] 	Press the Logs button to view error logs and check
11:48:05  [Apache] 	the Windows Event Viewer for more clues
11:48:05  [Apache] 	If you need more help, copy and post this
11:48:05  [Apache] 	entire log window on the forums
11:48:12  [Apache] 	Status change detected: running
11:48:13  [Apache] 	Status change detected: stopped
11:48:13  [Apache] 	Error: Apache shutdown unexpectedly.
11:48:13  [Apache] 	This may be due to a blocked port, missing dependencies, 
11:48:13  [Apache] 	improper privileges, a crash, or a shutdown by another method.
11:48:13  [Apache] 	Press the Logs button to view error logs and check
11:48:13  [Apache] 	the Windows Event Viewer for more clues
11:48:13  [Apache] 	If you need more help, copy and post this
11:48:13  [Apache] 	entire log window on the forums
15:35:34  [main] 	Deinitializing Modules
15:35:34  [main] 	Deinitializing Control Panel

11:46:28  [main] 	Initializing Control Panel
11:46:28  [main] 	Windows Version:  Home  64-bit
11:46:28  [main] 	XAMPP Version: 7.3.8
11:46:28  [main] 	Control Panel Version: 3.2.4  [ Compiled: Jun 5th 2019 ]
11:46:28  [main] 	You are not running with administrator rights! This will work for
11:46:28  [main] 	most application stuff but whenever you do something with services
11:46:28  [main] 	there will be a security dialogue or things will break! So think 
11:46:28  [main] 	about running this application with administrator rights!
11:46:28  [main] 	XAMPP Installation Directory: "f:\portableapps\xampp\app\xampp\"
11:46:28  [main] 	Checking for prerequisites
11:46:28  [main] 	All prerequisites found
11:46:28  [main] 	Initializing Modules
11:46:28  [mysql] 	Problem detected: MySQL Not Found!
11:46:28  [mysql] 	Disabling MySQL buttons
11:46:28  [mysql] 	Run this program from your XAMPP root directory!
11:46:28  [main] 	The FileZilla module is disabled
11:46:28  [main] 	The Mercury module is disabled
11:46:28  [Tomcat] 	Problem detected: Tomcat Not Found!
11:46:28  [Tomcat] 	Disabling Tomcat buttons
11:46:28  [Tomcat] 	Run this program from your XAMPP root directory!
11:46:28  [main] 	Starting Check-Timer
11:46:28  [main] 	Control Panel Ready
11:46:40  [Apache] 	Status change detected: running
11:46:41  [Apache] 	Status change detected: stopped
11:46:41  [Apache] 	Error: Apache shutdown unexpectedly.
11:46:41  [Apache] 	This may be due to a blocked port, missing dependencies, 
11:46:41  [Apache] 	improper privileges, a crash, or a shutdown by another method.
11:46:41  [Apache] 	Press the Logs button to view error logs and check
11:46:41  [Apache] 	the Windows Event Viewer for more clues
11:46:41  [Apache] 	If you need more help, copy and post this
11:46:41  [Apache] 	entire log window on the forums
11:47:49  [Apache] 	Status change detected: running
11:47:50  [Apache] 	Status change detected: stopped
11:47:50  [Apache] 	Error: Apache shutdown unexpectedly.
11:47:50  [Apache] 	This may be due to a blocked port, missing dependencies, 
11:47:50  [Apache] 	improper privileges, a crash, or a shutdown by another method.
11:47:50  [Apache] 	Press the Logs button to view error logs and check
11:47:50  [Apache] 	the Windows Event Viewer for more clues
11:47:50  [Apache] 	If you need more help, copy and post this
11:47:50  [Apache] 	entire log window on the forums
11:48:05  [Apache] 	Status change detected: running
11:48:06  [Apache] 	Status change detected: stopped
11:48:06  [Apache] 	Error: Apache shutdown unexpectedly.
11:48:06  [Apache] 	This may be due to a blocked port, missing dependencies, 
11:48:06  [Apache] 	improper privileges, a crash, or a shutdown by another method.
11:48:06  [Apache] 	Press the Logs button to view error logs and check
11:48:06  [Apache] 	the Windows Event Viewer for more clues
11:48:06  [Apache] 	If you need more help, copy and post this
11:48:06  [Apache] 	entire log window on the forums
11:48:12  [Apache] 	Status change detected: running
11:48:13  [Apache] 	Status change detected: stopped
11:48:13  [Apache] 	Error: Apache shutdown unexpectedly.
11:48:13  [Apache] 	This may be due to a blocked port, missing dependencies, 
11:48:13  [Apache] 	improper privileges, a crash, or a shutdown by another method.
11:48:13  [Apache] 	Press the Logs button to view error logs and check
11:48:13  [Apache] 	the Windows Event Viewer for more clues
11:48:13  [Apache] 	If you need more help, copy and post this
11:48:13  [Apache] 	entire log window on the forums
15:36:11  [main] 	Deinitializing Modules
15:36:11  [main] 	Deinitializing Control Panel

11:48:08  [main] 	Initializing Control Panel
11:48:08  [main] 	Windows Version:  Home  64-bit
11:48:08  [main] 	XAMPP Version: 7.3.8
11:48:08  [main] 	Control Panel Version: 3.2.4  [ Compiled: Jun 5th 2019 ]
11:48:08  [main] 	You are not running with administrator rights! This will work for
11:48:08  [main] 	most application stuff but whenever you do something with services
11:48:08  [main] 	there will be a security dialogue or things will break! So think 
11:48:08  [main] 	about running this application with administrator rights!
11:48:08  [main] 	XAMPP Installation Directory: "f:\portableapps\xampp\app\xampp\"
11:48:08  [main] 	Checking for prerequisites
11:48:08  [main] 	All prerequisites found
11:48:08  [main] 	Initializing Modules
11:48:08  [mysql] 	Problem detected: MySQL Not Found!
11:48:08  [mysql] 	Disabling MySQL buttons
11:48:08  [mysql] 	Run this program from your XAMPP root directory!
11:48:08  [main] 	The FileZilla module is disabled
11:48:08  [main] 	The Mercury module is disabled
11:48:08  [Tomcat] 	Problem detected: Tomcat Not Found!
11:48:08  [Tomcat] 	Disabling Tomcat buttons
11:48:08  [Tomcat] 	Run this program from your XAMPP root directory!
11:48:08  [main] 	Starting Check-Timer
11:48:08  [main] 	Control Panel Ready
11:48:12  [Apache] 	Attempting to start Apache app...
11:48:12  [Apache] 	Status change detected: running
11:48:13  [Apache] 	Status change detected: stopped
11:48:13  [Apache] 	Error: Apache shutdown unexpectedly.
11:48:13  [Apache] 	This may be due to a blocked port, missing dependencies, 
11:48:13  [Apache] 	improper privileges, a crash, or a shutdown by another method.
11:48:13  [Apache] 	Press the Logs button to view error logs and check
11:48:13  [Apache] 	the Windows Event Viewer for more clues
11:48:13  [Apache] 	If you need more help, copy and post this
11:48:13  [Apache] 	entire log window on the forums
15:36:14  [main] 	Deinitializing Modules
15:36:14  [main] 	Deinitializing Control Panel

15:36:52  [main] 	Initializing Control Panel
15:36:52  [main] 	Windows Version:  Home  64-bit
15:36:52  [main] 	XAMPP Version: 7.3.8
15:36:52  [main] 	Control Panel Version: 3.2.4  [ Compiled: Jun 5th 2019 ]
15:36:52  [main] 	You are not running with administrator rights! This will work for
15:36:52  [main] 	most application stuff but whenever you do something with services
15:36:52  [main] 	there will be a security dialogue or things will break! So think 
15:36:52  [main] 	about running this application with administrator rights!
15:36:52  [main] 	XAMPP Installation Directory: "f:\portableapps\xampp\app\xampp\"
15:36:53  [main] 	Checking for prerequisites
15:36:53  [main] 	All prerequisites found
15:36:53  [main] 	Initializing Modules
15:36:53  [main] 	The FileZilla module is disabled
15:36:53  [main] 	The Mercury module is disabled
15:36:53  [main] 	Starting Check-Timer
15:36:53  [main] 	Control Panel Ready
15:36:57  [Apache] 	Attempting to start Apache app...
15:36:58  [Apache] 	Status change detected: running
15:37:07  [mysql] 	Attempting to start MySQL app...
15:37:07  [mysql] 	Status change detected: running
15:37:51  [main] 	Executing "f:\portableapps\xampp\app\xampp\"
16:20:04  [main] 	Deinitializing Modules
16:20:04  [main] 	Deinitializing Control Panel

